2025-11-17 21:10:23,116 - Encode: built frequency table with 7 symbols, total=540
2025-11-17 21:10:23,117 - Encode: output 226 bytes for 540 input bytes
2025-11-17 21:10:23,117 - Encode: labs_1/input.txt (540B) -> labs2/test.zhm (226B), 58.15% saved, time=0.0011s
2025-11-17 21:10:39,387 - Decode: loaded frequency table with 7 symbols
2025-11-17 21:10:39,387 - Decode: original length = 540 bytes
2025-11-17 21:10:39,387 - Decode error: Символ не найден
2025-11-17 21:14:30,349 - Decode: loaded frequency table with 7 symbols
2025-11-17 21:14:30,349 - Decode: original length = 540 bytes
2025-11-17 21:14:30,350 - Decode error: Символ не найден
2025-11-17 21:15:29,642 - Encode: built frequency table with 7 symbols, total=540
2025-11-17 21:15:29,643 - Encode: output 226 bytes for 540 input bytes
2025-11-17 21:15:29,643 - Encode: labs_1/input.txt (540B) -> labs2/test.zhm (226B), 58.15% saved, time=0.0012s
2025-11-17 21:15:42,804 - Decode: loaded frequency table with 7 symbols
2025-11-17 21:15:42,804 - Decode: original length = 540 bytes
2025-11-17 21:15:42,804 - Decode error: Символ не найден
2025-11-17 21:16:27,433 - Encode: built frequency table with 7 symbols, total=540
2025-11-17 21:16:27,434 - Encode: output 226 bytes for 540 input bytes
2025-11-17 21:16:27,434 - Encode: labs_1/input.txt (540B) -> labs2/test.zhm (226B), 58.15% saved, time=0.0012s
2025-11-17 21:16:27,469 - Decode: loaded frequency table with 7 symbols
2025-11-17 21:16:27,469 - Decode: original length = 540 bytes
2025-11-17 21:16:27,469 - Decode error: Символ не найден
2025-11-17 21:16:54,430 - Encode: built frequency table with 7 symbols, total=540
2025-11-17 21:16:54,431 - Encode: output 226 bytes for 540 input bytes
2025-11-17 21:16:54,431 - Encode: labs_1/input.txt (540B) -> labs2/test.zhm (226B), 58.15% saved, time=0.0010s
2025-11-17 21:16:54,469 - Decode: loaded frequency table with 7 symbols
2025-11-17 21:16:54,469 - Decode: original length = 540 bytes
2025-11-17 21:16:54,470 - Decode: successfully decoded 540 bytes
2025-11-17 21:16:54,471 - Decode: labs2/test.zhm (226B) -> labs2/restored.txt (540B), time=0.0015s
2025-11-17 21:18:35,091 - Encode: built frequency table with 7 symbols, total=540
2025-11-17 21:18:35,092 - Encode: output 226 bytes for 540 input bytes
2025-11-17 21:18:35,092 - Encode: labs_1/input.txt (540B) -> labs2/test.zhm (226B), 58.15% saved, time=0.0010s
2025-11-17 21:18:35,127 - Decode: loaded frequency table with 7 symbols
2025-11-17 21:18:35,127 - Decode: original length = 540 bytes
2025-11-17 21:18:35,128 - Decode: successfully decoded 540 bytes
2025-11-17 21:18:35,129 - Decode: labs2/test.zhm (226B) -> labs2/restored.txt (540B), time=0.0016s
2025-11-17 21:19:16,999 - Encode: built frequency table with 7 symbols, total=540
2025-11-17 21:19:17,000 - Encode: output 226 bytes for 540 input bytes
2025-11-17 21:19:17,000 - Encode: labs_1/input.txt (540B) -> labs2/test.zhm (226B), 58.15% saved, time=0.0015s
2025-11-17 21:19:17,040 - Decode: loaded frequency table with 7 symbols
2025-11-17 21:19:17,040 - Decode: original length = 540 bytes
2025-11-17 21:19:17,041 - Decode: successfully decoded 540 bytes
2025-11-17 21:19:17,041 - Decode: labs2/test.zhm (226B) -> labs2/restored.txt (540B), time=0.0016s
2025-11-17 21:20:26,432 - Encode: built frequency table with 7 symbols, total=540
2025-11-17 21:20:26,434 - Encode: output 226 bytes for 540 input bytes
2025-11-17 21:20:26,434 - Encode: labs_1/input.txt (540B) -> labs2/test.zhm (226B), 58.15% saved, time=0.0014s
2025-11-17 21:20:26,481 - Decode: loaded frequency table with 7 symbols
2025-11-17 21:20:26,481 - Decode: original length = 540 bytes
2025-11-17 21:20:26,483 - Decode: successfully decoded 540 bytes
2025-11-17 21:20:26,483 - Decode: labs2/test.zhm (226B) -> labs2/restored.txt (540B), time=0.0015s
2025-11-17 21:20:40,841 - Encode: built frequency table with 3 symbols, total=6
2025-11-17 21:20:40,841 - Encode: output 28 bytes for 6 input bytes
2025-11-17 21:20:40,841 - Encode: /tmp/test_simple.txt (6B) -> /tmp/test_simple.zhm (28B), -366.67% saved, time=0.0002s
2025-11-17 21:20:40,877 - Decode: loaded frequency table with 3 symbols
2025-11-17 21:20:40,878 - Decode: original length = 6 bytes
2025-11-17 21:20:40,878 - Decode: successfully decoded 6 bytes
2025-11-17 21:20:40,878 - Decode: /tmp/test_simple.zhm (28B) -> /tmp/test_restored.txt (6B), time=0.0003s
2025-11-17 21:20:40,878 - Decode: matches original file
2025-11-17 21:21:30,918 - Decode: loaded frequency table with 7 symbols
2025-11-17 21:21:30,918 - Decode: original length = 540 bytes
2025-11-17 21:21:30,919 - Decode: successfully decoded 540 bytes
2025-11-17 21:21:30,919 - Decode: labs2/test.zhm (226B) -> labs2/restored.txt (540B), time=0.0015s
2025-11-17 21:22:20,168 - Encode: built frequency table with 7 symbols, total=540
2025-11-17 21:22:20,169 - Encode: output 226 bytes for 540 input bytes
2025-11-17 21:22:20,169 - Encode: labs2/input.txt (540B) -> labs2/test.zhm (226B), 58.15% saved, time=0.0010s
2025-11-17 21:22:20,201 - Decode: loaded frequency table with 7 symbols
2025-11-17 21:22:20,201 - Decode: original length = 540 bytes
2025-11-17 21:22:20,203 - Decode: successfully decoded 540 bytes
2025-11-17 21:22:20,203 - Decode: labs2/test.zhm (226B) -> labs2/restored.txt (540B), time=0.0015s
2025-11-17 21:23:18,468 - Encode: built frequency table with 7 symbols, total=540
2025-11-17 21:23:18,469 - Encode: output 226 bytes for 540 input bytes
2025-11-17 21:23:18,469 - Encode: labs2/input.txt (540B) -> labs2/test.zhm (226B), 58.15% saved, time=0.0010s
2025-11-17 21:23:18,506 - Decode: loaded frequency table with 7 symbols
2025-11-17 21:23:18,506 - Decode: original length = 540 bytes
2025-11-17 21:23:18,508 - Decode: successfully decoded 540 bytes
2025-11-17 21:23:18,508 - Decode: labs2/test.zhm (226B) -> labs2/restored.txt (540B), time=0.0015s
2025-11-17 21:26:56,147 - Encode: built frequency table with 7 symbols, total=540
2025-11-17 21:26:56,148 - Encode: output 226 bytes for 540 input bytes
2025-11-17 21:26:56,148 - Encode: input.txt (540B) -> test.zhm (226B), 58.15% saved, time=0.0010s
2025-11-17 21:27:19,280 - Encode: built frequency table with 7 symbols, total=1069200
2025-11-17 21:27:20,307 - Encode: output 355097 bytes for 1069200 input bytes
2025-11-17 21:27:20,312 - Encode: input.txt (1069200B) -> test.zhm (355097B), 66.79% saved, time=1.1210s
2025-11-17 21:28:08,894 - Decode: loaded frequency table with 7 symbols
2025-11-17 21:28:08,894 - Decode: original length = 1069200 bytes
2025-11-17 21:28:10,639 - Decode: successfully decoded 1069200 bytes
2025-11-17 21:28:10,641 - Decode: test.zhm (355097B) -> output.txt (1069200B), time=1.7464s
2025-11-22 19:45:32,861 - Encode: built frequency table with 128 symbols, total=19999
2025-11-22 19:45:32,905 - Encode: output 13588 bytes for 19999 input bytes
2025-11-22 19:45:32,906 - Encode: input.txt (19999B) -> tests.zhm (13588B), 32.06% saved, time=0.0456s
2025-11-22 19:45:49,127 - Decode: loaded frequency table with 128 symbols
2025-11-22 19:45:49,127 - Decode: original length = 19999 bytes
2025-11-22 19:45:49,136 - Decode error: Символ не найден
2025-11-22 19:47:39,334 - Decode: loaded frequency table with 128 symbols
2025-11-22 19:47:39,334 - Decode: original length = 19999 bytes
2025-11-22 19:47:39,343 - Symbol not found: value=21645, total=19999
2025-11-22 19:47:39,343 - Cumulative freqs: [0, 2722, 2746, 2786, 2813, 2840, 2845, 3060, 3103, 3278, 3283, 3302, 3335, 3362, 3388, 3407, 3433, 3440, 3447, 3454, 3468, 3473, 3484, 3485, 3532, 3540, 3553, 3594, 3604, 3613, 3620, 3629, 3645, 3647, 3657, 3678, 3686, 3693, 3701, 3707, 3721, 3770, 3776, 3782, 3784, 3859, 3934, 4950, 5157, 5662, 6215, 7560, 7820, 8089, 8613, 9502, 9509, 9707, 10256, 10562, 11373, 12097, 12301, 12316, 13008, 13884, 14746, 15164, 15268, 15405, 15425, 15627, 15634, 15779, 15908, 16025, 16093, 16097, 16130, 16158, 16178, 16194, 16200, 16258, 16278, 16280, 16286, 16360, 16364, 16369, 16389, 16391, 16393, 16395, 16397, 16403, 16415, 16428, 16430, 16446, 16449, 16579, 16603, 16697, 16723, 16797, 16963, 16973, 17005, 17174, 17200, 17317, 17391, 17439, 17569, 17771, 17829, 17845, 17857, 17864, 17868, 17872, 17886, 17894, 17902, 19291, 19974, 19980, 19999]
2025-11-22 19:47:39,343 - Symbols: [32, 34, 39, 40, 41, 42, 44, 45, 46, 47, 48, 49, 50, 51, 52, 53, 54, 55, 56, 57, 58, 59, 63, 65, 66, 67, 68, 69, 70, 71, 72, 73, 75, 76, 77, 78, 79, 80, 82, 83, 84, 85, 87, 90, 91, 93, 97, 98, 99, 100, 101, 102, 103, 104, 105, 106, 107, 108, 109, 110, 111, 112, 113, 114, 115, 116, 117, 118, 119, 120, 121, 122, 128, 129, 130, 131, 132, 133, 134, 135, 136, 137, 139, 140, 141, 142, 143, 145, 147, 148, 155, 157, 158, 159, 160, 161, 163, 166, 171, 173, 176, 177, 178, 179, 180, 181, 182, 183, 184, 185, 186, 187, 188, 189, 190, 191, 194, 195, 196, 197, 199, 204, 206, 207, 208, 209, 225, 226]
2025-11-22 19:47:39,343 - Decode error: Символ не найден: value=21645, total=19999
2025-11-22 19:48:15,483 - Decode: loaded frequency table with 128 symbols
2025-11-22 19:48:15,483 - Decode: original length = 19999 bytes
2025-11-22 19:48:16,986 - Decode: successfully decoded 19999 bytes
2025-11-22 19:48:16,987 - Decode: tests.zhm (13588B) -> decoded_tests.txt (19999B), time=1.5034s
2025-11-22 19:49:39,122 - Encode: built frequency table with 3 symbols, total=6
2025-11-22 19:49:39,122 - Encode: output 28 bytes for 6 input bytes
2025-11-22 19:49:39,122 - Encode: simple_test.txt (6B) -> simple_test.zhm (28B), -366.67% saved, time=0.0002s
2025-11-22 19:49:48,639 - Decode: loaded frequency table with 3 symbols
2025-11-22 19:49:48,639 - Decode: original length = 6 bytes
2025-11-22 19:49:48,640 - Decode: successfully decoded 6 bytes
2025-11-22 19:49:48,640 - Decode: simple_test.zhm (28B) -> simple_decoded.txt (6B), time=0.0004s
2025-11-22 19:49:48,640 - Decode: matches original file
2025-11-22 19:51:31,987 - Encode: built frequency table with 128 symbols, total=19999
2025-11-22 19:51:32,033 - Encode: output 13588 bytes for 19999 input bytes
2025-11-22 19:51:32,033 - Encode: input.txt (19999B) -> input_new.zhm (13588B), 32.06% saved, time=0.0475s
2025-11-22 19:51:42,457 - Encode: built frequency table with 128 symbols, total=19999
2025-11-22 19:51:42,500 - Encode: output 13588 bytes for 19999 input bytes
2025-11-22 19:51:42,501 - Encode: input.txt (19999B) -> input_new.zhm (13588B), 32.06% saved, time=0.0448s
2025-11-22 19:51:49,886 - Decode: loaded frequency table with 128 symbols
2025-11-22 19:51:49,886 - Decode: original length = 19999 bytes
2025-11-22 19:51:51,399 - Decode: successfully decoded 19999 bytes
2025-11-22 19:51:51,400 - Decode: input_new.zhm (13588B) -> input_decoded.txt (19999B), time=1.5133s
2025-11-22 19:53:12,287 - Encode: built frequency table with 128 symbols, total=19999
2025-11-22 19:53:12,344 - Encode: output 13588 bytes for 19999 input bytes
2025-11-22 19:53:12,345 - Encode: input.txt (19999B) -> test_fixed.zhm (13588B), 32.06% saved, time=0.0595s
2025-11-22 19:53:12,386 - Decode: loaded frequency table with 128 symbols
2025-11-22 19:53:12,386 - Decode: original length = 19999 bytes
2025-11-22 19:53:13,653 - Decode: successfully decoded 19999 bytes
2025-11-22 19:53:13,653 - Decode: test_fixed.zhm (13588B) -> test_fixed_decoded.txt (19999B), time=1.2671s
2025-11-22 19:54:36,265 - Encode: built frequency table with 128 symbols, total=19999
2025-11-22 19:54:36,307 - Encode: output 13588 bytes for 19999 input bytes
2025-11-22 19:54:36,308 - Encode: input.txt (19999B) -> final_test.zhm (13588B), 32.06% saved, time=0.0437s
2025-11-22 19:54:36,350 - Decode: loaded frequency table with 128 symbols
2025-11-22 19:54:36,351 - Decode: original length = 19999 bytes
2025-11-22 19:54:37,888 - Decode: successfully decoded 19999 bytes
2025-11-22 19:54:37,889 - Decode: final_test.zhm (13588B) -> final_decoded.txt (19999B), time=1.5382s
2025-12-12 12:49:13,025 - Encode: built frequency table with 128 symbols, total=19999
2025-12-12 12:49:13,070 - Encode: output 13588 bytes for 19999 input bytes
2025-12-12 12:49:13,070 - Encode: input.txt (19999B) -> fix.zhm (13588B), 32.06% saved, time=0.0469s
2025-12-12 12:49:24,912 - Encode: built frequency table with 256 symbols, total=13588
2025-12-12 12:49:24,953 - Encode: output 14763 bytes for 13588 input bytes
2025-12-12 12:49:24,953 - Encode: fix.zhm (13588B) -> firt.txt.zhm (14763B), -8.65% saved, time=0.0421s
2025-12-12 12:49:39,215 - Decode: loaded frequency table with 128 symbols
2025-12-12 12:49:39,215 - Decode: original length = 19999 bytes
2025-12-12 12:49:40,530 - Decode: successfully decoded 19999 bytes
2025-12-12 12:49:40,530 - Decode: fix.zhm (13588B) -> firt.txt (19999B), time=1.3156s
2025-12-12 12:50:56,818 - Encode: built frequency table with 128 symbols, total=19999
2025-12-12 12:50:56,865 - Encode: output 13588 bytes for 19999 input bytes
2025-12-12 12:50:56,865 - Encode: input.txt (19999B) -> fix.zhm (13588B), 32.06% saved, time=0.0491s
2025-12-12 12:51:00,653 - Decode: loaded frequency table with 128 symbols
2025-12-12 12:51:00,653 - Decode: original length = 19999 bytes
2025-12-12 12:51:02,197 - Decode: successfully decoded 19999 bytes
2025-12-12 12:51:02,197 - Decode: fix.zhm (13588B) -> firt.txt (19999B), time=1.5443s
2025-12-12 12:54:20,239 - Decode: loaded frequency table with 128 symbols
2025-12-12 12:54:20,240 - Decode: original length = 19999 bytes
2025-12-12 12:54:21,567 - Decode: successfully decoded 19999 bytes
2025-12-12 12:54:21,568 - Decode: fix.zhm (13588B) -> firt_new.txt (19999B), time=1.3283s
2025-12-12 12:55:12,447 - Encode: built frequency table with 128 symbols, total=19999
2025-12-12 12:55:12,494 - Encode: output 13588 bytes for 19999 input bytes
2025-12-12 12:55:12,494 - Encode: input.txt (19999B) -> test.zhm (13588B), 32.06% saved, time=0.0486s
2025-12-12 12:55:23,976 - Decode: loaded frequency table with 128 symbols
2025-12-12 12:55:23,976 - Decode: original length = 19999 bytes
2025-12-12 12:55:25,479 - Decode: successfully decoded 19999 bytes
2025-12-12 12:55:25,479 - Decode: test.zhm (13588B) -> test_decoded.txt (19999B), time=1.5025s
2025-12-12 12:58:51,055 - Decode: loaded frequency table with 128 symbols
2025-12-12 12:58:51,056 - Decode: original length = 19999 bytes
2025-12-12 12:58:51,145 - Decode: successfully decoded 19999 bytes
2025-12-12 12:58:51,146 - Decode: test.zhm (13588B) -> test_decoded2.txt (19999B), time=0.0900s
2025-12-12 12:59:34,318 - Encode: built frequency table with 128 symbols, total=19999
2025-12-12 12:59:34,361 - Encode: output 13588 bytes for 19999 input bytes
2025-12-12 12:59:34,361 - Encode: input.txt (19999B) -> fix.zhm (13588B), 32.06% saved, time=0.0449s
2025-12-12 12:59:37,230 - Decode: loaded frequency table with 128 symbols
2025-12-12 12:59:37,230 - Decode: original length = 19999 bytes
2025-12-12 12:59:37,314 - Decode: successfully decoded 19999 bytes
2025-12-12 12:59:37,315 - Decode: fix.zhm (13588B) -> firt.txt (19999B), time=0.0845s
2025-12-12 12:59:46,437 - Decode: loaded frequency table with 128 symbols
2025-12-12 12:59:46,438 - Decode: original length = 19999 bytes
2025-12-12 12:59:46,524 - Decode: successfully decoded 19999 bytes
2025-12-12 12:59:46,524 - Decode: fix.zhm (13588B) -> firt_fixed.txt (19999B), time=0.0866s
