2025-10-15 01:27:58,866 - Code: 'b' -> 00
2025-10-15 01:27:58,867 - Code: 'e' -> 10
2025-10-15 01:27:58,867 - Code: 'p' -> 010
2025-10-15 01:27:58,867 - Code: 'o' -> 110
2025-10-15 01:27:58,867 - Code: ' ' -> 111
2025-10-15 01:27:58,867 - Code: '!' -> 0110
2025-10-15 01:27:58,867 - Code: 'r' -> 0111
2025-10-15 01:27:58,867 - Encode: input.txt (30B) -> compressed.zhm (24B), 20.00% saved, time: 0.00s
2025-10-15 01:28:10,014 - Decode: compressed.zhm (24B) -> output.txt (30B), time: 0.00s
2025-10-15 01:28:21,292 - Code: 'b' -> 00
2025-10-15 01:28:21,292 - Code: 'e' -> 10
2025-10-15 01:28:21,292 - Code: 'p' -> 010
2025-10-15 01:28:21,292 - Code: 'o' -> 110
2025-10-15 01:28:21,292 - Code: ' ' -> 111
2025-10-15 01:28:21,292 - Code: '!' -> 0110
2025-10-15 01:28:21,292 - Code: 'r' -> 0111
2025-10-15 01:28:21,292 - Encode: input.txt (60B) -> compressed.zhm (34B), 43.33% saved, time: 0.00s
2025-10-15 01:28:22,819 - Decode: compressed.zhm (34B) -> output.txt (60B), time: 0.00s
2025-10-15 01:28:33,822 - Code: 'b' -> 00
2025-10-15 01:28:33,822 - Code: 'e' -> 10
2025-10-15 01:28:33,822 - Code: 'p' -> 010
2025-10-15 01:28:33,822 - Code: 'o' -> 110
2025-10-15 01:28:33,822 - Code: ' ' -> 111
2025-10-15 01:28:33,822 - Code: '!' -> 0110
2025-10-15 01:28:33,822 - Code: 'r' -> 0111
2025-10-15 01:28:33,822 - Encode: input.txt (660B) -> compressed.zhm (234B), 64.55% saved, time: 0.00s
2025-10-15 01:28:36,459 - Decode: compressed.zhm (234B) -> output.txt (660B), time: 0.00s
2025-10-15 01:35:52,724 - Code: 'b' -> 00
2025-10-15 01:35:52,724 - Code: 'e' -> 10
2025-10-15 01:35:52,724 - Code: 'p' -> 010
2025-10-15 01:35:52,724 - Code: 'o' -> 110
2025-10-15 01:35:52,725 - Code: ' ' -> 111
2025-10-15 01:35:52,725 - Code: '!' -> 0110
2025-10-15 01:35:52,725 - Code: 'r' -> 0111
2025-10-15 01:35:52,725 - Encode: input.txt (660B) -> compressed.zhm (234B), 64.55% saved, time: 0.00s
2025-10-15 01:35:54,301 - Decode: compressed.zhm (234B) -> output.txt (660B), time: 0.00s
2025-10-15 01:36:18,500 - Code: 'b' -> 00
2025-10-15 01:36:18,501 - Code: 'e' -> 10
2025-10-15 01:36:18,501 - Code: 'p' -> 010
2025-10-15 01:36:18,501 - Code: 'o' -> 110
2025-10-15 01:36:18,501 - Code: ' ' -> 111
2025-10-15 01:36:18,501 - Code: '!' -> 0110
2025-10-15 01:36:18,501 - Code: 'r' -> 0111
2025-10-15 01:36:18,501 - Encode: input.txt (540B) -> compressed.zhm (194B), 64.07% saved, time: 0.00s
2025-10-15 01:36:20,009 - Decode: compressed.zhm (194B) -> output.txt (540B), time: 0.00s
2025-10-16 01:34:28,911 - Code: 'b' -> 00
2025-10-16 01:34:28,911 - Code: 'e' -> 11
2025-10-16 01:34:28,911 - Code: 'p' -> 010
2025-10-16 01:34:28,911 - Code: ' ' -> 100
2025-10-16 01:34:28,911 - Code: 'o' -> 101
2025-10-16 01:34:28,911 - Code: '!' -> 0110
2025-10-16 01:34:28,911 - Code: 'r' -> 0111
2025-10-16 01:34:28,911 - Encode: input.txt (540B) -> compressed.zhm (194B), 64.07% saved
2025-10-16 01:34:58,981 - Decode: compressed.zhm (194B) -> output.txt (540B)
